# JRE version: Java(TM) SE Runtime Environment (8.0_162-b12) (build 1.8.0_162-b12)
# Java VM: Java HotSpot(TM) 64-Bit Server VM (25.162-b12 mixed mode windows-amd64 compressed oops)
Heap:
 PSYoungGen      total 14848K, used 1239K [0x00000000f5b80000, 0x00000000f6b00000, 0x0000000100000000)
  eden space 14336K, 7% used [0x00000000f5b80000,0x00000000f5c9de68,0x00000000f6980000)
  from space 512K, 18% used [0x00000000f6a80000,0x00000000f6a98000,0x00000000f6b00000)
  to   space 512K, 0% used [0x00000000f6a00000,0x00000000f6a00000,0x00000000f6a80000)
 ParOldGen       total 33280K, used 9454K [0x00000000e1200000, 0x00000000e3280000, 0x00000000f5b80000)
  object space 33280K, 28% used [0x00000000e1200000,0x00000000e1b3ba80,0x00000000e3280000)
 Metaspace       used 15957K, capacity 16234K, committed 16512K, reserved 1062912K
  class space    used 1963K, capacity 2051K, committed 2176K, reserved 1048576K
GC Heap History (10 events):
Event: 2901.920 GC heap before
{Heap before GC invocations=145 (full 1):
 PSYoungGen      total 14848K, used 14432K [0x00000000f5b80000, 0x00000000f6b00000, 0x0000000100000000)
  eden space 14336K, 100% used [0x00000000f5b80000,0x00000000f6980000,0x00000000f6980000)
  from space 512K, 18% used [0x00000000f6a00000,0x00000000f6a18000,0x00000000f6a80000)
  to   space 512K, 0% used [0x00000000f6a80000,0x00000000f6a80000,0x00000000f6b00000)
 ParOldGen       total 33280K, used 9449K [0x00000000e1200000, 0x00000000e3280000, 0x00000000f5b80000)
  object space 33280K, 28% used [0x00000000e1200000,0x00000000e1b3a780,0x00000000e3280000)
 Metaspace       used 15956K, capacity 16234K, committed 16512K, reserved 1062912K
  class space    used 1963K, capacity 2051K, committed 2176K, reserved 1048576K
Event: 2901.922 GC heap after
Heap after GC invocations=145 (full 1):
 PSYoungGen      total 14848K, used 96K [0x00000000f5b80000, 0x00000000f6b00000, 0x0000000100000000)
  eden space 14336K, 0% used [0x00000000f5b80000,0x00000000f5b80000,0x00000000f6980000)
  from space 512K, 18% used [0x00000000f6a80000,0x00000000f6a98000,0x00000000f6b00000)
  to   space 512K, 0% used [0x00000000f6a00000,0x00000000f6a00000,0x00000000f6a80000)
 ParOldGen       total 33280K, used 9449K [0x00000000e1200000, 0x00000000e3280000, 0x00000000f5b80000)
  object space 33280K, 28% used [0x00000000e1200000,0x00000000e1b3a780,0x00000000e3280000)
 Metaspace       used 15956K, capacity 16234K, committed 16512K, reserved 1062912K
  class space    used 1963K, capacity 2051K, committed 2176K, reserved 1048576K
}
Event: 2907.334 GC heap before
{Heap before GC invocations=146 (full 1):
 PSYoungGen      total 14848K, used 14432K [0x00000000f5b80000, 0x00000000f6b00000, 0x0000000100000000)
  eden space 14336K, 100% used [0x00000000f5b80000,0x00000000f6980000,0x00000000f6980000)
  from space 512K, 18% used [0x00000000f6a80000,0x00000000f6a98000,0x00000000f6b00000)
  to   space 512K, 0% used [0x00000000f6a00000,0x00000000f6a00000,0x00000000f6a80000)
 ParOldGen       total 33280K, used 9449K [0x00000000e1200000, 0x00000000e3280000, 0x00000000f5b80000)
  object space 33280K, 28% used [0x00000000e1200000,0x00000000e1b3a780,0x00000000e3280000)
 Metaspace       used 15956K, capacity 16234K, committed 16512K, reserved 1062912K
  class space    used 1963K, capacity 2051K, committed 2176K, reserved 1048576K
Event: 2907.336 GC heap after
Heap after GC invocations=146 (full 1):
 PSYoungGen      total 14848K, used 96K [0x00000000f5b80000, 0x00000000f6b00000, 0x0000000100000000)
  eden space 14336K, 0% used [0x00000000f5b80000,0x00000000f5b80000,0x00000000f6980000)
  from space 512K, 18% used [0x00000000f6a00000,0x00000000f6a18000,0x00000000f6a80000)
  to   space 512K, 0% used [0x00000000f6a80000,0x00000000f6a80000,0x00000000f6b00000)
 ParOldGen       total 33280K, used 9449K [0x00000000e1200000, 0x00000000e3280000, 0x00000000f5b80000)
  object space 33280K, 28% used [0x00000000e1200000,0x00000000e1b3a780,0x00000000e3280000)
 Metaspace       used 15956K, capacity 16234K, committed 16512K, reserved 1062912K
  class space    used 1963K, capacity 2051K, committed 2176K, reserved 1048576K
}
Event: 2912.919 GC heap before
{Heap before GC invocations=147 (full 1):
 PSYoungGen      total 14848K, used 14432K [0x00000000f5b80000, 0x00000000f6b00000, 0x0000000100000000)
  eden space 14336K, 100% used [0x00000000f5b80000,0x00000000f6980000,0x00000000f6980000)
  from space 512K, 18% used [0x00000000f6a00000,0x00000000f6a18000,0x00000000f6a80000)
  to   space 512K, 0% used [0x00000000f6a80000,0x00000000f6a80000,0x00000000f6b00000)
 ParOldGen       total 33280K, used 9449K [0x00000000e1200000, 0x00000000e3280000, 0x00000000f5b80000)
  object space 33280K, 28% used [0x00000000e1200000,0x00000000e1b3a7c0,0x00000000e3280000)
 Metaspace       used 15957K, capacity 16234K, committed 16512K, reserved 1062912K
  class space    used 1963K, capacity 2051K, committed 2176K, reserved 1048576K
Event: 2912.922 GC heap after
Heap after GC invocations=147 (full 1):
 PSYoungGen      total 14848K, used 96K [0x00000000f5b80000, 0x00000000f6b00000, 0x0000000100000000)
  eden space 14336K, 0% used [0x00000000f5b80000,0x00000000f5b80000,0x00000000f6980000)
  from space 512K, 18% used [0x00000000f6a80000,0x00000000f6a98000,0x00000000f6b00000)
  to   space 512K, 0% used [0x00000000f6a00000,0x00000000f6a00000,0x00000000f6a80000)
 ParOldGen       total 33280K, used 9449K [0x00000000e1200000, 0x00000000e3280000, 0x00000000f5b80000)
  object space 33280K, 28% used [0x00000000e1200000,0x00000000e1b3a7c0,0x00000000e3280000)
 Metaspace       used 15957K, capacity 16234K, committed 16512K, reserved 1062912K
  class space    used 1963K, capacity 2051K, committed 2176K, reserved 1048576K
}
Event: 2917.986 GC heap before
{Heap before GC invocations=148 (full 1):
 PSYoungGen      total 14848K, used 14432K [0x00000000f5b80000, 0x00000000f6b00000, 0x0000000100000000)
  eden space 14336K, 100% used [0x00000000f5b80000,0x00000000f6980000,0x00000000f6980000)
  from space 512K, 18% used [0x00000000f6a80000,0x00000000f6a98000,0x00000000f6b00000)
  to   space 512K, 0% used [0x00000000f6a00000,0x00000000f6a00000,0x00000000f6a80000)
 ParOldGen       total 33280K, used 9454K [0x00000000e1200000, 0x00000000e3280000, 0x00000000f5b80000)
  object space 33280K, 28% used [0x00000000e1200000,0x00000000e1b3ba80,0x00000000e3280000)
 Metaspace       used 15957K, capacity 16234K, committed 16512K, reserved 1062912K
  class space    used 1963K, capacity 2051K, committed 2176K, reserved 1048576K
Event: 2917.988 GC heap after
Heap after GC invocations=148 (full 1):
 PSYoungGen      total 14848K, used 64K [0x00000000f5b80000, 0x00000000f6b00000, 0x0000000100000000)
  eden space 14336K, 0% used [0x00000000f5b80000,0x00000000f5b80000,0x00000000f6980000)
  from space 512K, 12% used [0x00000000f6a00000,0x00000000f6a10000,0x00000000f6a80000)
  to   space 512K, 0% used [0x00000000f6a80000,0x00000000f6a80000,0x00000000f6b00000)
 ParOldGen       total 33280K, used 9454K [0x00000000e1200000, 0x00000000e3280000, 0x00000000f5b80000)
  object space 33280K, 28% used [0x00000000e1200000,0x00000000e1b3ba80,0x00000000e3280000)
 Metaspace       used 15957K, capacity 16234K, committed 16512K, reserved 1062912K
  class space    used 1963K, capacity 2051K, committed 2176K, reserved 1048576K
}
Event: 2923.184 GC heap before
{Heap before GC invocations=149 (full 1):
 PSYoungGen      total 14848K, used 14400K [0x00000000f5b80000, 0x00000000f6b00000, 0x0000000100000000)
  eden space 14336K, 100% used [0x00000000f5b80000,0x00000000f6980000,0x00000000f6980000)
  from space 512K, 12% used [0x00000000f6a00000,0x00000000f6a10000,0x00000000f6a80000)
  to   space 512K, 0% used [0x00000000f6a80000,0x00000000f6a80000,0x00000000f6b00000)
 ParOldGen       total 33280K, used 9454K [0x00000000e1200000, 0x00000000e3280000, 0x00000000f5b80000)
  object space 33280K, 28% used [0x00000000e1200000,0x00000000e1b3ba80,0x00000000e3280000)
 Metaspace       used 15957K, capacity 16234K, committed 16512K, reserved 1062912K
  class space    used 1963K, capacity 2051K, committed 2176K, reserved 1048576K
Event: 2923.186 GC heap after
Heap after GC invocations=149 (full 1):
 PSYoungGen      total 14848K, used 96K [0x00000000f5b80000, 0x00000000f6b00000, 0x0000000100000000)
  eden space 14336K, 0% used [0x00000000f5b80000,0x00000000f5b80000,0x00000000f6980000)
  from space 512K, 18% used [0x00000000f6a80000,0x00000000f6a98000,0x00000000f6b00000)
  to   space 512K, 0% used [0x00000000f6a00000,0x00000000f6a00000,0x00000000f6a80000)
 ParOldGen       total 33280K, used 9454K [0x00000000e1200000, 0x00000000e3280000, 0x00000000f5b80000)
  object space 33280K, 28% used [0x00000000e1200000,0x00000000e1b3ba80,0x00000000e3280000)
 Metaspace       used 15957K, capacity 16234K, committed 16512K, reserved 1062912K
  class space    used 1963K, capacity 2051K, committed 2176K, reserved 1048576K
}

