# JRE version: Java(TM) SE Runtime Environment (8.0_162-b12) (build 1.8.0_162-b12)
# Java VM: Java HotSpot(TM) 64-Bit Server VM (25.162-b12 mixed mode windows-amd64 compressed oops)
Heap:
 PSYoungGen      total 26624K, used 19153K [0x00000000f5b80000, 0x00000000f8e00000, 0x0000000100000000)
  eden space 26112K, 72% used [0x00000000f5b80000,0x00000000f6e1c660,0x00000000f7500000)
  from space 512K, 18% used [0x00000000f8d80000,0x00000000f8d98000,0x00000000f8e00000)
  to   space 512K, 0% used [0x00000000f8d00000,0x00000000f8d00000,0x00000000f8d80000)
 ParOldGen       total 16896K, used 11168K [0x00000000e1200000, 0x00000000e2280000, 0x00000000f5b80000)
  object space 16896K, 66% used [0x00000000e1200000,0x00000000e1ce8338,0x00000000e2280000)
 Metaspace       used 16817K, capacity 17104K, committed 17280K, reserved 1064960K
  class space    used 2073K, capacity 2151K, committed 2176K, reserved 1048576K
GC Heap History (10 events):
Event: 276.518 GC heap before
{Heap before GC invocations=889 (full 1):
 PSYoungGen      total 31744K, used 31360K [0x00000000f5b80000, 0x00000000f8e00000, 0x0000000100000000)
  eden space 31232K, 100% used [0x00000000f5b80000,0x00000000f7a00000,0x00000000f7a00000)
  from space 512K, 25% used [0x00000000f8d00000,0x00000000f8d20000,0x00000000f8d80000)
  to   space 512K, 0% used [0x00000000f8d80000,0x00000000f8d80000,0x00000000f8e00000)
 ParOldGen       total 16896K, used 11096K [0x00000000e1200000, 0x00000000e2280000, 0x00000000f5b80000)
  object space 16896K, 65% used [0x00000000e1200000,0x00000000e1cd6338,0x00000000e2280000)
 Metaspace       used 16816K, capacity 17104K, committed 17280K, reserved 1064960K
  class space    used 2073K, capacity 2151K, committed 2176K, reserved 1048576K
Event: 276.520 GC heap after
Heap after GC invocations=889 (full 1):
 PSYoungGen      total 30720K, used 96K [0x00000000f5b80000, 0x00000000f8e00000, 0x0000000100000000)
  eden space 30208K, 0% used [0x00000000f5b80000,0x00000000f5b80000,0x00000000f7900000)
  from space 512K, 18% used [0x00000000f8d80000,0x00000000f8d98000,0x00000000f8e00000)
  to   space 512K, 0% used [0x00000000f8d00000,0x00000000f8d00000,0x00000000f8d80000)
 ParOldGen       total 16896K, used 11112K [0x00000000e1200000, 0x00000000e2280000, 0x00000000f5b80000)
  object space 16896K, 65% used [0x00000000e1200000,0x00000000e1cda338,0x00000000e2280000)
 Metaspace       used 16816K, capacity 17104K, committed 17280K, reserved 1064960K
  class space    used 2073K, capacity 2151K, committed 2176K, reserved 1048576K
}
Event: 276.980 GC heap before
{Heap before GC invocations=890 (full 1):
 PSYoungGen      total 30720K, used 30304K [0x00000000f5b80000, 0x00000000f8e00000, 0x0000000100000000)
  eden space 30208K, 100% used [0x00000000f5b80000,0x00000000f7900000,0x00000000f7900000)
  from space 512K, 18% used [0x00000000f8d80000,0x00000000f8d98000,0x00000000f8e00000)
  to   space 512K, 0% used [0x00000000f8d00000,0x00000000f8d00000,0x00000000f8d80000)
 ParOldGen       total 16896K, used 11112K [0x00000000e1200000, 0x00000000e2280000, 0x00000000f5b80000)
  object space 16896K, 65% used [0x00000000e1200000,0x00000000e1cda338,0x00000000e2280000)
 Metaspace       used 16816K, capacity 17104K, committed 17280K, reserved 1064960K
  class space    used 2073K, capacity 2151K, committed 2176K, reserved 1048576K
Event: 276.982 GC heap after
Heap after GC invocations=890 (full 1):
 PSYoungGen      total 29696K, used 96K [0x00000000f5b80000, 0x00000000f8e00000, 0x0000000100000000)
  eden space 29184K, 0% used [0x00000000f5b80000,0x00000000f5b80000,0x00000000f7800000)
  from space 512K, 18% used [0x00000000f8d00000,0x00000000f8d18000,0x00000000f8d80000)
  to   space 512K, 0% used [0x00000000f8d80000,0x00000000f8d80000,0x00000000f8e00000)
 ParOldGen       total 16896K, used 11128K [0x00000000e1200000, 0x00000000e2280000, 0x00000000f5b80000)
  object space 16896K, 65% used [0x00000000e1200000,0x00000000e1cde338,0x00000000e2280000)
 Metaspace       used 16816K, capacity 17104K, committed 17280K, reserved 1064960K
  class space    used 2073K, capacity 2151K, committed 2176K, reserved 1048576K
}
Event: 277.476 GC heap before
{Heap before GC invocations=891 (full 1):
 PSYoungGen      total 29696K, used 29280K [0x00000000f5b80000, 0x00000000f8e00000, 0x0000000100000000)
  eden space 29184K, 100% used [0x00000000f5b80000,0x00000000f7800000,0x00000000f7800000)
  from space 512K, 18% used [0x00000000f8d00000,0x00000000f8d18000,0x00000000f8d80000)
  to   space 512K, 0% used [0x00000000f8d80000,0x00000000f8d80000,0x00000000f8e00000)
 ParOldGen       total 16896K, used 11128K [0x00000000e1200000, 0x00000000e2280000, 0x00000000f5b80000)
  object space 16896K, 65% used [0x00000000e1200000,0x00000000e1cde338,0x00000000e2280000)
 Metaspace       used 16816K, capacity 17104K, committed 17280K, reserved 1064960K
  class space    used 2073K, capacity 2151K, committed 2176K, reserved 1048576K
Event: 277.478 GC heap after
Heap after GC invocations=891 (full 1):
 PSYoungGen      total 28672K, used 96K [0x00000000f5b80000, 0x00000000f8e00000, 0x0000000100000000)
  eden space 28160K, 0% used [0x00000000f5b80000,0x00000000f5b80000,0x00000000f7700000)
  from space 512K, 18% used [0x00000000f8d80000,0x00000000f8d98000,0x00000000f8e00000)
  to   space 512K, 0% used [0x00000000f8d00000,0x00000000f8d00000,0x00000000f8d80000)
 ParOldGen       total 16896K, used 11144K [0x00000000e1200000, 0x00000000e2280000, 0x00000000f5b80000)
  object space 16896K, 65% used [0x00000000e1200000,0x00000000e1ce2338,0x00000000e2280000)
 Metaspace       used 16816K, capacity 17104K, committed 17280K, reserved 1064960K
  class space    used 2073K, capacity 2151K, committed 2176K, reserved 1048576K
}
Event: 277.990 GC heap before
{Heap before GC invocations=892 (full 1):
 PSYoungGen      total 28672K, used 28256K [0x00000000f5b80000, 0x00000000f8e00000, 0x0000000100000000)
  eden space 28160K, 100% used [0x00000000f5b80000,0x00000000f7700000,0x00000000f7700000)
  from space 512K, 18% used [0x00000000f8d80000,0x00000000f8d98000,0x00000000f8e00000)
  to   space 512K, 0% used [0x00000000f8d00000,0x00000000f8d00000,0x00000000f8d80000)
 ParOldGen       total 16896K, used 11144K [0x00000000e1200000, 0x00000000e2280000, 0x00000000f5b80000)
  object space 16896K, 65% used [0x00000000e1200000,0x00000000e1ce2338,0x00000000e2280000)
 Metaspace       used 16817K, capacity 17104K, committed 17280K, reserved 1064960K
  class space    used 2073K, capacity 2151K, committed 2176K, reserved 1048576K
Event: 277.993 GC heap after
Heap after GC invocations=892 (full 1):
 PSYoungGen      total 27648K, used 64K [0x00000000f5b80000, 0x00000000f8e00000, 0x0000000100000000)
  eden space 27136K, 0% used [0x00000000f5b80000,0x00000000f5b80000,0x00000000f7600000)
  from space 512K, 12% used [0x00000000f8d00000,0x00000000f8d10000,0x00000000f8d80000)
  to   space 512K, 0% used [0x00000000f8d80000,0x00000000f8d80000,0x00000000f8e00000)
 ParOldGen       total 16896K, used 11152K [0x00000000e1200000, 0x00000000e2280000, 0x00000000f5b80000)
  object space 16896K, 66% used [0x00000000e1200000,0x00000000e1ce4338,0x00000000e2280000)
 Metaspace       used 16817K, capacity 17104K, committed 17280K, reserved 1064960K
  class space    used 2073K, capacity 2151K, committed 2176K, reserved 1048576K
}
Event: 278.460 GC heap before
{Heap before GC invocations=893 (full 1):
 PSYoungGen      total 27648K, used 27200K [0x00000000f5b80000, 0x00000000f8e00000, 0x0000000100000000)
  eden space 27136K, 100% used [0x00000000f5b80000,0x00000000f7600000,0x00000000f7600000)
  from space 512K, 12% used [0x00000000f8d00000,0x00000000f8d10000,0x00000000f8d80000)
  to   space 512K, 0% used [0x00000000f8d80000,0x00000000f8d80000,0x00000000f8e00000)
 ParOldGen       total 16896K, used 11152K [0x00000000e1200000, 0x00000000e2280000, 0x00000000f5b80000)
  object space 16896K, 66% used [0x00000000e1200000,0x00000000e1ce4338,0x00000000e2280000)
 Metaspace       used 16817K, capacity 17104K, committed 17280K, reserved 1064960K
  class space    used 2073K, capacity 2151K, committed 2176K, reserved 1048576K
Event: 278.462 GC heap after
Heap after GC invocations=893 (full 1):
 PSYoungGen      total 26624K, used 96K [0x00000000f5b80000, 0x00000000f8e00000, 0x0000000100000000)
  eden space 26112K, 0% used [0x00000000f5b80000,0x00000000f5b80000,0x00000000f7500000)
  from space 512K, 18% used [0x00000000f8d80000,0x00000000f8d98000,0x00000000f8e00000)
  to   space 512K, 0% used [0x00000000f8d00000,0x00000000f8d00000,0x00000000f8d80000)
 ParOldGen       total 16896K, used 11168K [0x00000000e1200000, 0x00000000e2280000, 0x00000000f5b80000)
  object space 16896K, 66% used [0x00000000e1200000,0x00000000e1ce8338,0x00000000e2280000)
 Metaspace       used 16817K, capacity 17104K, committed 17280K, reserved 1064960K
  class space    used 2073K, capacity 2151K, committed 2176K, reserved 1048576K
}

